[2020-11-20 16:53:57:1027][main] INFO  c.d.DataAnalyticsManagerApplicationTests - Starting DataAnalyticsManagerApplicationTests on ihyein-ui-MacBookPro.local with PID 67243 (started by heain in /Users/heain/Downloads/data_analytics_manager-master/DataAnalyticsManager)
[2020-11-20 16:53:57:1028][main] INFO  c.d.DataAnalyticsManagerApplicationTests - No active profile set, falling back to default profiles: default
[2020-11-20 16:53:58:2162][main] INFO  o.s.d.r.c.RepositoryConfigurationDelegate - Bootstrapping Spring Data JDBC repositories in DEFAULT mode.
[2020-11-20 16:53:58:2180][main] INFO  o.s.d.r.c.RepositoryConfigurationDelegate - Finished Spring Data repository scanning in 11ms. Found 0 JDBC repository interfaces.
[2020-11-20 16:53:59:2616][main] INFO  o.s.c.s.PostProcessorRegistrationDelegate$BeanPostProcessorChecker - Bean 'org.springframework.transaction.annotation.ProxyTransactionManagementConfiguration' of type [org.springframework.transaction.annotation.ProxyTransactionManagementConfiguration] is not eligible for getting processed by all BeanPostProcessors (for example: not eligible for auto-proxying)
[2020-11-20 16:53:59:2640][main] INFO  o.s.c.s.PostProcessorRegistrationDelegate$BeanPostProcessorChecker - Bean 'databaseConfig' of type [com.daumsoft.dataAnalyticsManager.config.DatabaseConfig$$EnhancerBySpringCGLIB$$5e22cc5c] is not eligible for getting processed by all BeanPostProcessors (for example: not eligible for auto-proxying)
[2020-11-20 16:53:59:2679][main] INFO  o.s.c.s.PostProcessorRegistrationDelegate$BeanPostProcessorChecker - Bean 'hikariConfig' of type [com.zaxxer.hikari.HikariConfig] is not eligible for getting processed by all BeanPostProcessors (for example: not eligible for auto-proxying)
[2020-11-20 16:53:59:2685][main] INFO  com.zaxxer.hikari.HikariDataSource - HikariPool-1 - Starting...
[2020-11-20 16:53:59:2842][main] INFO  jdbc.sqlonly - SELECT 1

[2020-11-20 16:53:59:2868][main] INFO  com.zaxxer.hikari.HikariDataSource - HikariPool-1 - Start completed.
[2020-11-20 16:53:59:2872][main] INFO  o.s.c.s.PostProcessorRegistrationDelegate$BeanPostProcessorChecker - Bean 'dataSource' of type [com.zaxxer.hikari.HikariDataSource] is not eligible for getting processed by all BeanPostProcessors (for example: not eligible for auto-proxying)
[2020-11-20 16:53:59:2890][main] INFO  o.s.c.s.PostProcessorRegistrationDelegate$BeanPostProcessorChecker - Bean 'spring.datasource-org.springframework.boot.autoconfigure.jdbc.DataSourceProperties' of type [org.springframework.boot.autoconfigure.jdbc.DataSourceProperties] is not eligible for getting processed by all BeanPostProcessors (for example: not eligible for auto-proxying)
[2020-11-20 16:53:59:2901][main] INFO  o.s.c.s.PostProcessorRegistrationDelegate$BeanPostProcessorChecker - Bean 'org.springframework.boot.autoconfigure.jdbc.DataSourceInitializerInvoker' of type [org.springframework.boot.autoconfigure.jdbc.DataSourceInitializerInvoker] is not eligible for getting processed by all BeanPostProcessors (for example: not eligible for auto-proxying)
[2020-11-20 16:53:59:2909][main] INFO  o.s.c.s.PostProcessorRegistrationDelegate$BeanPostProcessorChecker - Bean 'transactionManager' of type [org.springframework.jdbc.datasource.DataSourceTransactionManager] is not eligible for getting processed by all BeanPostProcessors (for example: not eligible for auto-proxying)
[2020-11-20 16:53:59:2911][main] INFO  o.s.c.s.PostProcessorRegistrationDelegate$BeanPostProcessorChecker - Bean 'transactionAspect' of type [com.daumsoft.dataAnalyticsManager.aop.TransactionAspect$$EnhancerBySpringCGLIB$$f88bd25d] is not eligible for getting processed by all BeanPostProcessors (for example: not eligible for auto-proxying)
[2020-11-20 16:53:59:2920][main] INFO  o.s.c.s.PostProcessorRegistrationDelegate$BeanPostProcessorChecker - Bean 'transactionAdvice' of type [org.springframework.transaction.interceptor.TransactionInterceptor] is not eligible for getting processed by all BeanPostProcessors (for example: not eligible for auto-proxying)
[2020-11-20 16:53:59:2923][main] INFO  o.s.c.s.PostProcessorRegistrationDelegate$BeanPostProcessorChecker - Bean 'transactionAdviceAdvisor' of type [org.springframework.aop.support.DefaultPointcutAdvisor] is not eligible for getting processed by all BeanPostProcessors (for example: not eligible for auto-proxying)
[2020-11-20 16:53:59:3256][main] INFO  c.d.d.common.service.HttpService - --- HttpService : Set client 
[2020-11-20 16:54:00:4104][main] INFO  o.s.s.w.DefaultSecurityFilterChain - Creating filter chain: any request, [org.springframework.security.web.context.request.async.WebAsyncManagerIntegrationFilter@290807e5, org.springframework.security.web.context.SecurityContextPersistenceFilter@54556723, org.springframework.security.web.header.HeaderWriterFilter@5a2f401a, org.springframework.security.web.authentication.logout.LogoutFilter@492c8137, org.springframework.security.web.authentication.UsernamePasswordAuthenticationFilter@3359c3f6, org.springframework.security.web.savedrequest.RequestCacheAwareFilter@3bc891f2, org.springframework.security.web.servletapi.SecurityContextHolderAwareRequestFilter@65259c53, org.springframework.security.web.authentication.AnonymousAuthenticationFilter@60bc308b, org.springframework.security.web.session.SessionManagementFilter@d2cb2d0, org.springframework.security.web.access.ExceptionTranslationFilter@1450ffa3, org.springframework.security.web.access.intercept.FilterSecurityInterceptor@2c0fefac]
[2020-11-20 16:54:00:4119][main] INFO  o.s.s.c.ThreadPoolTaskExecutor - Initializing ExecutorService
[2020-11-20 16:54:01:4724][main] WARN  o.t.templatemode.TemplateMode - [THYMELEAF][main] Template Mode 'HTML5' is deprecated. Using Template Mode 'HTML' instead.
[2020-11-20 16:54:02:5362][main] INFO  o.s.b.a.e.web.EndpointLinksResolver - Exposing 13 endpoint(s) beneath base path '/actuator'
[2020-11-20 16:54:02:5420][main] INFO  c.d.DataAnalyticsManagerApplicationTests - Started DataAnalyticsManagerApplicationTests in 4.968 seconds (JVM running for 5.949)
[2020-11-20 16:54:02:5810][SpringContextShutdownHook] INFO  o.s.s.c.ThreadPoolTaskExecutor - Shutting down ExecutorService
[2020-11-20 16:54:02:5812][SpringContextShutdownHook] INFO  com.zaxxer.hikari.HikariDataSource - HikariPool-1 - Shutdown initiated...
[2020-11-20 16:54:02:5819][SpringContextShutdownHook] INFO  com.zaxxer.hikari.HikariDataSource - HikariPool-1 - Shutdown completed.
